<?xml version="1.0" encoding="UTF-8"?>
<!-- Generated by org.testng.reporters.JUnitXMLReporter -->
<testsuite hostname="Sabana" ignored="0" name="CustomerModule" tests="5" failures="1" timestamp="25 Feb 2018 09:25:56 GMT" time="19.106" errors="0">
  <testcase name="@AfterMethod captureScreen" time="0.416" classname="Tests.CustomerModuleTest">
    <failure type="java.io.FileNotFoundException" message=".\Screenshots\XANJSWJ.png (The system cannot find the path specified)">
      <![CDATA[java.io.FileNotFoundException: .\Screenshots\XANJSWJ.png (The system cannot find the path specified)
	at java.io.FileOutputStream.open0(Native Method)
	at java.io.FileOutputStream.open(Unknown Source)
	at java.io.FileOutputStream.<init>(Unknown Source)
	at com.google.common.io.Files$FileByteSink.openStream(Files.java:214)
	at com.google.common.io.Files$FileByteSink.openStream(Files.java:202)
	at com.google.common.io.ByteSource.copyTo(ByteSource.java:268)
	at com.google.common.io.Files.copy(Files.java:325)
	at Tests.CustomerModuleTest.captureScreen(CustomerModuleTest.java:375)
... Removed 27 stack frames]]>
    </failure>
  </testcase> <!-- @AfterMethod captureScreen -->
  <testcase name="@AfterMethod teardowm" time="0.0" classname="Tests.CustomerModuleTest">
    <skipped/>
  </testcase> <!-- @AfterMethod teardowm -->
  <testcase name="@BeforeMethod openBrowser" time="0.0" classname="Tests.CustomerModuleTest">
    <skipped/>
  </testcase> <!-- @BeforeMethod openBrowser -->
  <testcase name="@BeforeMethod openBrowser" time="0.0" classname="Tests.CustomerModuleTest">
    <skipped/>
  </testcase> <!-- @BeforeMethod openBrowser -->
  <testcase name="@BeforeMethod openBrowser" time="0.0" classname="Tests.CustomerModuleTest">
    <skipped/>
  </testcase> <!-- @BeforeMethod openBrowser -->
  <testcase name="loginTest" time="6.269" classname="Tests.CustomerModuleTest"/>
  <testcase name="linkCountTest" time="1.901" classname="Tests.CustomerModuleTest">
    <failure type="java.lang.AssertionError" message="null">
      <![CDATA[java.lang.AssertionError: null
	at Tests.CustomerModuleTest.linkCountTest(CustomerModuleTest.java:124)
... Removed 27 stack frames]]>
    </failure>
  </testcase> <!-- linkCountTest -->
  <testcase name="addCustomer" time="0.001" classname="Tests.CustomerModuleTest">
    <skipped/>
  </testcase> <!-- addCustomer -->
  <testcase name="editCustomer" time="0.0" classname="Tests.CustomerModuleTest">
    <skipped/>
  </testcase> <!-- editCustomer -->
  <testcase name="deleteCustomer" time="0.0" classname="Tests.CustomerModuleTest">
    <skipped/>
  </testcase> <!-- deleteCustomer -->
</testsuite> <!-- CustomerModule -->
